<?xml version="1.0" encoding="UTF-8"?>
<!-- Generated by org.testng.reporters.JUnitReportReporter -->
<testsuite skipped="0" hostname="DESKTOP-BKR93A7" name="com.Gatorford.pages.UsedFunctionality" tests="1" failures="0" timestamp="18 Jun 2018 17:30:04 GMT" time="158.757" errors="0">
  <testcase name="takeScreenshot" time="158.757" classname="com.Gatorford.pages.UsedFunctionality"/>
</testsuite> <!-- com.Gatorford.pages.UsedFunctionality -->
